\\mac\home\desktop\数据库实验\实验四\hms\hms\debug\hms.pch
\\mac\home\desktop\数据库实验\实验四\hms\hms\debug\vc140.pdb
\\mac\home\desktop\数据库实验\实验四\hms\hms\debug\vc140.idb
\\mac\home\desktop\数据库实验\实验四\hms\hms\debug\stdafx.obj
\\mac\home\desktop\数据库实验\实验四\hms\hms\debug\admindlg.obj
\\mac\home\desktop\数据库实验\实验四\hms\hms\debug\contensdlg.obj
\\mac\home\desktop\数据库实验\实验四\hms\hms\debug\denieddlg.obj
\\mac\home\desktop\数据库实验\实验四\hms\hms\debug\get.obj
\\mac\home\desktop\数据库实验\实验四\hms\hms\debug\hms.obj
\\mac\home\desktop\数据库实验\实验四\hms\hms\debug\hmsdlg.obj
\\mac\home\desktop\数据库实验\实验四\hms\debug\hms.ilk
\\mac\home\desktop\数据库实验\实验四\hms\debug\hms.exe
\\mac\home\desktop\数据库实验\实验四\hms\debug\hms.pdb
\\mac\home\desktop\数据库实验\实验四\hms\hms\debug\hms.res
\\mac\home\desktop\数据库实验\实验四\hms\hms\debug\hms.tlog\cl.command.1.tlog
\\mac\home\desktop\数据库实验\实验四\hms\hms\debug\hms.tlog\cl.read.1.tlog
\\mac\home\desktop\数据库实验\实验四\hms\hms\debug\hms.tlog\cl.write.1.tlog
\\mac\home\desktop\数据库实验\实验四\hms\hms\debug\hms.tlog\link.command.1.tlog
\\mac\home\desktop\数据库实验\实验四\hms\hms\debug\hms.tlog\link.read.1.tlog
\\mac\home\desktop\数据库实验\实验四\hms\hms\debug\hms.tlog\link.write.1.tlog
\\mac\home\desktop\数据库实验\实验四\hms\hms\debug\hms.tlog\rc.command.1.tlog
\\mac\home\desktop\数据库实验\实验四\hms\hms\debug\hms.tlog\rc.read.1.tlog
\\mac\home\desktop\数据库实验\实验四\hms\hms\debug\hms.tlog\rc.write.1.tlog
